Case #1:
***
...
c..
...
...
Case #2:
*****
****c
Case #3:
Impossible
Case #4:
***.c
.....
.....
.....
.....
Case #5:
**.c.
Case #6:
*....
*....
.....
c....
Case #7:
*****
*****
*****
*....
*.c..
Case #8:
Impossible
Case #9:
**
..
c.
..
Case #10:
Impossible
Case #11:
*****
***..
***.c
***..
Case #12:
*.c.
....
....
....
Case #13:
Impossible
Case #14:
**.c.
.....
.....
.....
.....
Case #15:
***c
Case #16:
*.c
...
...
Case #17:
Impossible
Case #18:
***..
***..
**...
**.c.
Case #19:
c....
.....
.....
.....
.....
Case #20:
c
.
Case #21:
c...
....
....
Case #22:
***
...
c..
...
Case #23:
**.c.
**...
**...
Case #24:
*.c..
*....
Case #25:
c...
....
....
....
Case #26:
*****
***..
....c
.....
.....
Case #27:
****
**..
...c
....
....
Case #28:
***
***
...
c..
...
Case #29:
Impossible
Case #30:
**
**
**
*c
Case #31:
****
****
**..
...c
....
Case #32:
***
*..
*.c
Case #33:
Impossible
Case #34:
****
*...
..c.
....
Case #35:
Impossible
Case #36:
*.c..
*....
*....
Case #37:
**
..
c.
..
..
Case #38:
Impossible
Case #39:
***
*..
..c
...
Case #40:
**
..
c.
Case #41:
c.
Case #42:
*
*
*
.
c
Case #43:
**..
*...
*.c.
Case #44:
*
*
*
*
c
Case #45:
*****
***..
***.c
Case #46:
**...
*....
*.c..
*....
Case #47:
*****
*****
***..
***.c
Case #48:
*.c.
....
....
....
....
Case #49:
c
.
.
.
.
Case #50:
***.c
***..
Case #51:
c....
Case #52:
***
***
*..
..c
...
Case #53:
****
*...
*.c.
*...
Case #54:
**
**
*c
Case #55:
c....
.....
.....
.....
Case #56:
*.c
...
...
...
Case #57:
*
*
*
c
Case #58:
**.c.
**...
Case #59:
*
.
c
Case #60:
*****
*****
*****
.....
c....
Case #61:
**
**
..
c.
..
Case #62:
***..
**...
*....
*.c..
Case #63:
Impossible
Case #64:
***.c
***..
***..
Case #65:
***
***
***
**c
Case #66:
Impossible
Case #67:
Impossible
Case #68:
****
**..
*..c
....
....
Case #69:
**.c
**..
Case #70:
c
.
.
Case #71:
****
....
c...
....
....
Case #72:
*.c.
*...
Case #73:
*....
.....
c....
Case #74:
Impossible
Case #75:
Impossible
Case #76:
Impossible
Case #77:
*c
Case #78:
Impossible
Case #79:
c.
..
..
Case #80:
***
***
**c
Case #81:
Impossible
Case #82:
Impossible
Case #83:
Impossible
Case #84:
****
**..
...c
....
Case #85:
*****
*****
*****
*****
****c
Case #86:
Impossible
Case #87:
Impossible
Case #88:
****
**..
**.c
Case #89:
****
****
*...
*.c.
Case #90:
***.c
*....
.....
.....
.....
Case #91:
*
*
c
Case #92:
Impossible
Case #93:
*****
*****
***..
....c
.....
Case #94:
**.c
**..
**..
Case #95:
c.
..
..
..
Case #96:
Impossible
Case #97:
**.c
*...
....
....
....
Case #98:
****
****
*...
*.c.
*...
Case #99:
**c
Case #100:
c...
Case #101:
Impossible
Case #102:
****
****
****
****
***c
Case #103:
c
Case #104:
**...
*....
.....
c....
Case #105:
****
....
c...
....
Case #106:
Impossible
Case #107:
Impossible
Case #108:
c..
...
...
...
...
Case #109:
**...
*....
*.c..
Case #110:
****
***c
Case #111:
Impossible
Case #112:
*****
*****
**...
...c.
.....
Case #113:
****
****
*...
..c.
....
Case #114:
***.c
***..
***..
***..
Case #115:
**.c
....
....
....
Case #116:
Impossible
Case #117:
***.c
Case #118:
***
...
c..
Case #119:
Impossible
Case #120:
**...
.....
c....
Case #121:
*****
***..
*...c
.....
.....
Case #122:
**.c
Case #123:
***..
*....
*.c..
Case #124:
*****
*****
*****
****c
Case #125:
Impossible
Case #126:
***
***
***
*..
*.c
Case #127:
****
*...
..c.
....
....
Case #128:
**
**
..
c.
Case #129:
Impossible
Case #130:
****
****
***c
Case #131:
*
.
c
.
Case #132:
****
****
****
....
c...
Case #133:
Impossible
Case #134:
*****
*****
**...
**.c.
**...
Case #135:
c..
...
...
...
Case #136:
**...
**...
*....
*.c..
Case #137:
***
***
...
c..
Case #138:
Impossible
Case #139:
****
****
....
c...
Case #140:
c...
....
Case #141:
Impossible
Case #142:
Impossible
Case #143:
*...
....
c...
Case #144:
Impossible
Case #145:
****
****
****
*...
*.c.
Case #146:
Impossible
Case #147:
*****
*****
*....
..c..
.....
Case #148:
***
***
***
***
**c
Case #149:
*****
*****
.....
c....
.....
Case #150:
***
***
***
...
c..
Case #151:
*
*
.
c
Case #152:
Impossible
Case #153:
c.
..
Case #154:
c...
....
....
....
....
Case #155:
*.c..
Case #156:
***..
**...
**.c.
**...
Case #157:
*****
.....
c....
.....
.....
Case #158:
Impossible
Case #159:
**
*c
Case #160:
Impossible
Case #161:
***
*..
*.c
...
...
Case #162:
Impossible
Case #163:
Impossible
Case #164:
**.c
*...
....
....
Case #165:
Impossible
Case #166:
***
***
*..
*.c
Case #167:
Impossible
Case #168:
*
.
c
.
.
Case #169:
*
*
.
c
.
Case #170:
***
*..
..c
...
...
Case #171:
*
c
Case #172:
****
****
....
c...
....
Case #173:
Impossible
Case #174:
**
**
**
**
*c
Case #175:
*****
**...
...c.
.....
.....
Case #176:
*****
**...
**.c.
**...
Case #177:
**.c.
**...
**...
**...
Case #178:
****c
Case #179:
c
.
.
.
Case #180:
*....
.....
c....
.....
Case #181:
*****
*****
*****
***..
***.c
Case #182:
Impossible
Case #183:
**..
....
c...
Case #184:
*.c..
.....
.....
.....
.....
Case #185:
*.c.
Case #186:
***
**c
Case #187:
*.c..
*....
*....
*....
Case #188:
*.c
*..
...
...
Case #189:
c....
.....
Case #190:
*.c
*..
...
...
...
Case #191:
Impossible
Case #192:
****
****
****
***c
Case #193:
*.c
Case #194:
****
****
****
**..
**.c
Case #195:
Impossible
Case #196:
Impossible
Case #197:
Impossible
Case #198:
**
**
**
..
c.
Case #199:
c..
Case #200:
Impossible
Case #201:
****
****
**..
**.c
Case #202:
Impossible
Case #203:
c....
.....
.....
Case #204:
c..
...
Case #205:
***..
**...
**.c.
Case #206:
Impossible
Case #207:
Impossible
Case #208:
Impossible
Case #209:
c.
..
..
..
..
Case #210:
*****
*....
..c..
.....
.....
Case #211:
Impossible
Case #212:
c..
...
...
Case #213:
*.c
...
...
...
...
Case #214:
*****
*****
****c
Case #215:
Impossible
Case #216:
Impossible
Case #217:
Impossible
Case #218:
*****
*****
**...
*..c.
*....
Case #219:
Impossible
Case #220:
*.c.
*...
*...
Case #221:
*****
*****
*****
**...
**.c.
Case #222:
*.c
*..
Case #223:
Impossible
Case #224:
**.c
....
....
....
....
Case #225:
Impossible
