Case #1:
***
***
*..
*.c
Case #2:
*
*
.
c
.
Case #3:
*****
*****
**...
**.c.
**...
Case #4:
c..
Case #5:
Impossible
Case #6:
*****
*....
..c..
.....
.....
Case #7:
c....
.....
.....
.....
Case #8:
Impossible
Case #9:
***..
**...
**.c.
**...
Case #10:
*****
**...
**.c.
**...
Case #11:
c...
....
....
....
Case #12:
*
c
Case #13:
**
**
**
*c
Case #14:
*.c..
.....
.....
.....
.....
Case #15:
Impossible
Case #16:
***.c
***..
Case #17:
****
****
***c
Case #18:
Impossible
Case #19:
*.c
Case #20:
Impossible
Case #21:
***.c
***..
***..
Case #22:
****
*...
..c.
....
....
Case #23:
***.c
*....
.....
.....
.....
Case #24:
c....
.....
Case #25:
**
**
..
c.
..
Case #26:
Impossible
Case #27:
****c
Case #28:
***
*..
*.c
Case #29:
Impossible
Case #30:
*.c
...
...
Case #31:
***..
**...
**.c.
Case #32:
*.c..
*....
Case #33:
****
****
****
****
***c
Case #34:
**.c.
.....
.....
.....
.....
Case #35:
*****
*****
**...
...c.
.....
Case #36:
Impossible
Case #37:
***
...
c..
...
Case #38:
c..
...
...
...
...
Case #39:
**...
*....
*.c..
Case #40:
Impossible
Case #41:
*****
*****
*****
.....
c....
Case #42:
*.c
...
...
...
Case #43:
Impossible
Case #44:
Impossible
Case #45:
**
..
c.
..
..
Case #46:
****
*...
..c.
....
Case #47:
*****
.....
c....
.....
.....
Case #48:
Impossible
Case #49:
*.c
*..
...
...
...
Case #50:
*****
*****
**...
*..c.
*....
Case #51:
*****
*****
*....
..c..
.....
Case #52:
c....
Case #53:
c..
...
Case #54:
***
***
***
***
**c
Case #55:
c.
..
Case #56:
Impossible
Case #57:
****
*...
*.c.
*...
Case #58:
**.c.
**...
**...
**...
Case #59:
**.c
**..
**..
Case #60:
Impossible
Case #61:
**..
*...
*.c.
Case #62:
Impossible
Case #63:
Impossible
Case #64:
*.c..
*....
*....
Case #65:
**...
*....
*.c..
*....
Case #66:
**...
**...
*....
*.c..
Case #67:
Impossible
Case #68:
*.c..
*....
*....
*....
Case #69:
Impossible
Case #70:
c
Case #71:
**.c.
**...
**...
Case #72:
Impossible
Case #73:
Impossible
Case #74:
*...
....
c...
Case #75:
*c
Case #76:
**.c
**..
Case #77:
Impossible
Case #78:
*....
.....
c....
Case #79:
c..
...
...
Case #80:
Impossible
Case #81:
Impossible
Case #82:
c.
Case #83:
***.c
.....
.....
.....
.....
Case #84:
*****
*****
***..
***.c
Case #85:
**
*c
Case #86:
Impossible
Case #87:
*****
*****
***..
....c
.....
Case #88:
***..
**...
*....
*.c..
Case #89:
c...
....
....
....
....
Case #90:
*****
****c
Case #91:
*****
***..
*...c
.....
.....
Case #92:
Impossible
Case #93:
*.c.
....
....
....
....
Case #94:
*....
.....
c....
.....
Case #95:
*****
*****
*****
*****
****c
Case #96:
***..
***..
**...
**.c.
Case #97:
c.
..
..
..
Case #98:
****
****
....
c...
Case #99:
*.c.
Case #100:
Impossible
Case #101:
***.c
***..
***..
***..
Case #102:
Impossible
Case #103:
*
*
*
.
c
Case #104:
*****
*****
*****
***..
***.c
Case #105:
*****
*****
.....
c....
.....
Case #106:
*.c.
....
....
....
Case #107:
****
****
*...
*.c.
Case #108:
Impossible
Case #109:
***
***
**c
Case #110:
Impossible
Case #111:
***
*..
..c
...
...
Case #112:
Impossible
Case #113:
*.c.
*...
*...
Case #114:
Impossible
Case #115:
**
**
*c
Case #116:
****
****
*...
*.c.
*...
Case #117:
Impossible
Case #118:
***
*..
*.c
...
...
Case #119:
**
**
..
c.
Case #120:
***
...
c..
...
...
Case #121:
Impossible
Case #122:
**.c
....
....
....
Case #123:
*
.
c
Case #124:
****
****
****
**..
**.c
Case #125:
Impossible
Case #126:
Impossible
Case #127:
***
***
*..
..c
...
Case #128:
****
****
****
*...
*.c.
Case #129:
Impossible
Case #130:
Impossible
Case #131:
*.c
...
...
...
...
Case #132:
*
*
*
c
Case #133:
***
***
...
c..
Case #134:
Impossible
Case #135:
****
****
**..
...c
....
Case #136:
Impossible
Case #137:
Impossible
Case #138:
****
****
**..
**.c
Case #139:
*
*
*
*
c
Case #140:
*....
*....
.....
c....
Case #141:
c.
..
..
Case #142:
****
***c
Case #143:
Impossible
Case #144:
c
.
.
Case #145:
Impossible
Case #146:
Impossible
Case #147:
c.
..
..
..
..
Case #148:
c....
.....
.....
.....
.....
Case #149:
Impossible
Case #150:
**...
*....
.....
c....
Case #151:
Impossible
Case #152:
Impossible
Case #153:
***
**c
Case #154:
*
*
c
Case #155:
***
***
***
**c
Case #156:
***..
*....
*.c..
Case #157:
**...
.....
c....
Case #158:
Impossible
Case #159:
*****
***..
***.c
***..
Case #160:
****
****
****
***c
Case #161:
Impossible
Case #162:
Impossible
Case #163:
**.c
Case #164:
*****
*****
****c
Case #165:
*.c
*..
Case #166:
Impossible
Case #167:
**c
Case #168:
***
***
***
...
c..
Case #169:
c...
....
....
Case #170:
**..
....
c...
Case #171:
Impossible
Case #172:
**.c
*...
....
....
Case #173:
Impossible
Case #174:
*
.
c
.
Case #175:
**.c.
Case #176:
Impossible
Case #177:
****
**..
**.c
Case #178:
*
.
c
.
.
Case #179:
c...
Case #180:
****
....
c...
....
....
Case #181:
*****
***..
....c
.....
.....
Case #182:
****
****
....
c...
....
Case #183:
c...
....
Case #184:
*****
**...
...c.
.....
.....
Case #185:
Impossible
Case #186:
Impossible
Case #187:
c
.
.
.
.
Case #188:
**.c
*...
....
....
....
Case #189:
****
**..
...c
....
Case #190:
***
***
***
*..
*.c
Case #191:
**
..
c.
Case #192:
Impossible
Case #193:
*.c
*..
...
...
Case #194:
Impossible
Case #195:
*****
*****
*****
****c
Case #196:
**
..
c.
..
Case #197:
***
***
...
c..
...
Case #198:
*
*
.
c
Case #199:
c
.
.
.
Case #200:
c..
...
...
...
Case #201:
****
**..
...c
....
....
Case #202:
***
...
c..
Case #203:
***c
Case #204:
*****
*****
*****
*....
*.c..
Case #205:
**
**
**
..
c.
Case #206:
Impossible
Case #207:
****
....
c...
....
Case #208:
Impossible
Case #209:
Impossible
Case #210:
***
*..
..c
...
Case #211:
****
****
****
....
c...
Case #212:
Impossible
Case #213:
*****
*****
*****
**...
**.c.
Case #214:
****
****
*...
..c.
....
Case #215:
***.c
Case #216:
c
.
Case #217:
**
**
**
**
*c
Case #218:
*.c..
Case #219:
*****
***..
***.c
Case #220:
**.c
....
....
....
....
Case #221:
c....
.....
.....
Case #222:
**.c.
**...
Case #223:
*.c.
*...
Case #224:
Impossible
Case #225:
****
**..
*..c
....
....
